Analysis & Synthesis report for ELEN0040_Nim
Wed Apr 22 10:55:46 2026
Quartus Prime Version 23.1std.1 Build 993 05/14/2024 SC Lite Edition


---------------------
; Table of Contents ;
---------------------
  1. Legal Notice
  2. Analysis & Synthesis Summary
  3. Analysis & Synthesis Settings
  4. Parallel Compilation
  5. Analysis & Synthesis Source Files Read
  6. Analysis & Synthesis Resource Usage Summary
  7. Analysis & Synthesis Resource Utilization by Entity
  8. State Machine - |ELEN0040_Nim|nim_fsm:u_fsm|state_r
  9. Registers Removed During Synthesis
 10. General Register Statistics
 11. Inverted Register Statistics
 12. Multiplexer Restructuring Statistics (Restructuring Performed)
 13. Analysis & Synthesis Messages



----------------
; Legal Notice ;
----------------
Copyright (C) 2024  Intel Corporation. All rights reserved.
Your use of Intel Corporation's design tools, logic functions 
and other software and tools, and any partner logic 
functions, and any output files from any of the foregoing 
(including device programming or simulation files), and any 
associated documentation or information are expressly subject 
to the terms and conditions of the Intel Program License 
Subscription Agreement, the Intel Quartus Prime License Agreement,
the Intel FPGA IP License Agreement, or other applicable license
agreement, including, without limitation, that your use is for
the sole purpose of programming logic devices manufactured by
Intel and sold by Intel or its authorized distributors.  Please
refer to the applicable agreement for further details, at
https://fpgasoftware.intel.com/eula.



+------------------------------------------------------------------------------+
; Analysis & Synthesis Summary                                                 ;
+-----------------------------+------------------------------------------------+
; Analysis & Synthesis Status ; Successful - Wed Apr 22 10:55:46 2026          ;
; Quartus Prime Version       ; 23.1std.1 Build 993 05/14/2024 SC Lite Edition ;
; Revision Name               ; ELEN0040_Nim                                   ;
; Top-level Entity Name       ; ELEN0040_Nim                                   ;
; Family                      ; MAX V                                          ;
; Total logic elements        ; 147                                            ;
; Total pins                  ; 24                                             ;
; Total virtual pins          ; 0                                              ;
; UFM blocks                  ; 0 / 1 ( 0 % )                                  ;
+-----------------------------+------------------------------------------------+


+------------------------------------------------------------------------------------------------------------+
; Analysis & Synthesis Settings                                                                              ;
+------------------------------------------------------------------+--------------------+--------------------+
; Option                                                           ; Setting            ; Default Value      ;
+------------------------------------------------------------------+--------------------+--------------------+
; Device                                                           ; 5M160ZE64C4        ;                    ;
; Top-level entity name                                            ; ELEN0040_Nim       ; ELEN0040_Nim       ;
; Family name                                                      ; MAX V              ; Cyclone V          ;
; State Machine Processing                                         ; Sequential         ; Auto               ;
; Use smart compilation                                            ; Off                ; Off                ;
; Enable parallel Assembler and Timing Analyzer during compilation ; On                 ; On                 ;
; Enable compact report table                                      ; Off                ; Off                ;
; Restructure Multiplexers                                         ; Auto               ; Auto               ;
; Create Debugging Nodes for IP Cores                              ; Off                ; Off                ;
; Preserve fewer node names                                        ; On                 ; On                 ;
; Intel FPGA IP Evaluation Mode                                    ; Enable             ; Enable             ;
; Verilog Version                                                  ; Verilog_2001       ; Verilog_2001       ;
; VHDL Version                                                     ; VHDL_1993          ; VHDL_1993          ;
; Safe State Machine                                               ; Off                ; Off                ;
; Extract Verilog State Machines                                   ; On                 ; On                 ;
; Extract VHDL State Machines                                      ; On                 ; On                 ;
; Ignore Verilog initial constructs                                ; Off                ; Off                ;
; Iteration limit for constant Verilog loops                       ; 5000               ; 5000               ;
; Iteration limit for non-constant Verilog loops                   ; 250                ; 250                ;
; Add Pass-Through Logic to Inferred RAMs                          ; On                 ; On                 ;
; Infer RAMs from Raw Logic                                        ; On                 ; On                 ;
; Parallel Synthesis                                               ; On                 ; On                 ;
; NOT Gate Push-Back                                               ; On                 ; On                 ;
; Power-Up Don't Care                                              ; On                 ; On                 ;
; Remove Redundant Logic Cells                                     ; Off                ; Off                ;
; Remove Duplicate Registers                                       ; On                 ; On                 ;
; Ignore CARRY Buffers                                             ; Off                ; Off                ;
; Ignore CASCADE Buffers                                           ; Off                ; Off                ;
; Ignore GLOBAL Buffers                                            ; Off                ; Off                ;
; Ignore ROW GLOBAL Buffers                                        ; Off                ; Off                ;
; Ignore LCELL Buffers                                             ; Off                ; Off                ;
; Ignore SOFT Buffers                                              ; On                 ; On                 ;
; Limit AHDL Integers to 32 Bits                                   ; Off                ; Off                ;
; Optimization Technique                                           ; Balanced           ; Balanced           ;
; Carry Chain Length                                               ; 70                 ; 70                 ;
; Auto Carry Chains                                                ; On                 ; On                 ;
; Auto Open-Drain Pins                                             ; On                 ; On                 ;
; Perform WYSIWYG Primitive Resynthesis                            ; Off                ; Off                ;
; Auto Shift Register Replacement                                  ; Auto               ; Auto               ;
; Allow Shift Register Merging across Hierarchies                  ; Auto               ; Auto               ;
; Auto Clock Enable Replacement                                    ; On                 ; On                 ;
; Allow Synchronous Control Signals                                ; On                 ; On                 ;
; Force Use of Synchronous Clear Signals                           ; Off                ; Off                ;
; Auto Resource Sharing                                            ; Off                ; Off                ;
; Use LogicLock Constraints during Resource Balancing              ; On                 ; On                 ;
; Ignore translate_off and synthesis_off directives                ; Off                ; Off                ;
; Report Parameter Settings                                        ; On                 ; On                 ;
; Report Source Assignments                                        ; On                 ; On                 ;
; Report Connectivity Checks                                       ; On                 ; On                 ;
; Ignore Maximum Fan-Out Assignments                               ; Off                ; Off                ;
; Synchronization Register Chain Length                            ; 2                  ; 2                  ;
; Power Optimization During Synthesis                              ; Normal compilation ; Normal compilation ;
; HDL message level                                                ; Level2             ; Level2             ;
; Suppress Register Optimization Related Messages                  ; Off                ; Off                ;
; Number of Removed Registers Reported in Synthesis Report         ; 5000               ; 5000               ;
; Number of Swept Nodes Reported in Synthesis Report               ; 5000               ; 5000               ;
; Number of Inverted Registers Reported in Synthesis Report        ; 100                ; 100                ;
; Clock MUX Protection                                             ; On                 ; On                 ;
; Block Design Naming                                              ; Auto               ; Auto               ;
; Synthesis Effort                                                 ; Auto               ; Auto               ;
; Shift Register Replacement - Allow Asynchronous Clear Signal     ; On                 ; On                 ;
; Analysis & Synthesis Message Level                               ; Medium             ; Medium             ;
; Disable Register Merging Across Hierarchies                      ; Auto               ; Auto               ;
+------------------------------------------------------------------+--------------------+--------------------+


+------------------------------------------+
; Parallel Compilation                     ;
+----------------------------+-------------+
; Processors                 ; Number      ;
+----------------------------+-------------+
; Number detected on machine ; 12          ;
; Maximum allowed            ; 6           ;
;                            ;             ;
; Average used               ; 1.00        ;
; Maximum used               ; 1           ;
;                            ;             ;
; Usage by Processor         ; % Time Used ;
;     Processor 1            ; 100.0%      ;
+----------------------------+-------------+


+---------------------------------------------------------------------------------------------------------------------------------------------------------------+
; Analysis & Synthesis Source Files Read                                                                                                                        ;
+----------------------------------+-----------------+-----------------+------------------------------------------------------------------------------+---------+
; File Name with User-Entered Path ; Used in Netlist ; File Type       ; File Name with Absolute Path                                                 ; Library ;
+----------------------------------+-----------------+-----------------+------------------------------------------------------------------------------+---------+
; nim_pkg.vhd                      ; yes             ; User VHDL File  ; C:/Users/Thomas/Documents/Uliege/Digital Electronics/Projet/nim_pkg.vhd      ;         ;
; nim_debounce.vhd                 ; yes             ; User VHDL File  ; C:/Users/Thomas/Documents/Uliege/Digital Electronics/Projet/nim_debounce.vhd ;         ;
; nim_sr.vhd                       ; yes             ; User VHDL File  ; C:/Users/Thomas/Documents/Uliege/Digital Electronics/Projet/nim_sr.vhd       ;         ;
; nim_fsm.vhd                      ; yes             ; User VHDL File  ; C:/Users/Thomas/Documents/Uliege/Digital Electronics/Projet/nim_fsm.vhd      ;         ;
; ELEN0040_Nim.vhd                 ; yes             ; User VHDL File  ; C:/Users/Thomas/Documents/Uliege/Digital Electronics/Projet/ELEN0040_Nim.vhd ;         ;
+----------------------------------+-----------------+-----------------+------------------------------------------------------------------------------+---------+


+---------------------------------------------------------------------------------+
; Analysis & Synthesis Resource Usage Summary                                     ;
+---------------------------------------------+-----------------------------------+
; Resource                                    ; Usage                             ;
+---------------------------------------------+-----------------------------------+
; Total logic elements                        ; 147                               ;
;     -- Combinational with no register       ; 111                               ;
;     -- Register only                        ; 2                                 ;
;     -- Combinational with a register        ; 34                                ;
;                                             ;                                   ;
; Logic element usage by number of LUT inputs ;                                   ;
;     -- 4 input functions                    ; 68                                ;
;     -- 3 input functions                    ; 41                                ;
;     -- 2 input functions                    ; 28                                ;
;     -- 1 input functions                    ; 8                                 ;
;     -- 0 input functions                    ; 0                                 ;
;                                             ;                                   ;
; Logic elements by mode                      ;                                   ;
;     -- normal mode                          ; 121                               ;
;     -- arithmetic mode                      ; 26                                ;
;     -- qfbk mode                            ; 0                                 ;
;     -- register cascade mode                ; 0                                 ;
;     -- synchronous clear/load mode          ; 14                                ;
;     -- asynchronous clear/load mode         ; 0                                 ;
;                                             ;                                   ;
; Total registers                             ; 36                                ;
; Total logic cells in carry chains           ; 31                                ;
; I/O pins                                    ; 24                                ;
; Maximum fan-out node                        ; nim_fsm:u_fsm|state_r.state_bit_0 ;
; Maximum fan-out                             ; 26                                ;
; Total fan-out                               ; 539                               ;
; Average fan-out                             ; 3.15                              ;
+---------------------------------------------+-----------------------------------+


+--------------------------------------------------------------------------------------------------------------------------------------------------------------------------------------------------------------------------------------------------+
; Analysis & Synthesis Resource Utilization by Entity                                                                                                                                                                                              ;
+----------------------------+-------------+--------------+------------+------+--------------+--------------+-------------------+------------------+-----------------+------------+----------------------------------+--------------+--------------+
; Compilation Hierarchy Node ; Logic Cells ; LC Registers ; UFM Blocks ; Pins ; Virtual Pins ; LUT-Only LCs ; Register-Only LCs ; LUT/Register LCs ; Carry Chain LCs ; Packed LCs ; Full Hierarchy Name              ; Entity Name  ; Library Name ;
+----------------------------+-------------+--------------+------------+------+--------------+--------------+-------------------+------------------+-----------------+------------+----------------------------------+--------------+--------------+
; |ELEN0040_Nim              ; 147 (5)     ; 36           ; 0          ; 24   ; 0            ; 111 (4)      ; 2 (0)             ; 34 (1)           ; 31 (0)          ; 0 (0)      ; |ELEN0040_Nim                    ; ELEN0040_Nim ; work         ;
;    |nim_debounce:u_deb|    ; 6 (6)       ; 6            ; 0          ; 0    ; 0            ; 0 (0)        ; 0 (0)             ; 6 (6)            ; 0 (0)           ; 0 (0)      ; |ELEN0040_Nim|nim_debounce:u_deb ; nim_debounce ; work         ;
;    |nim_fsm:u_fsm|         ; 114 (114)   ; 19           ; 0          ; 0    ; 0            ; 95 (95)      ; 1 (1)             ; 18 (18)          ; 18 (18)         ; 0 (0)      ; |ELEN0040_Nim|nim_fsm:u_fsm      ; nim_fsm      ; work         ;
;    |nim_sr:u_sr|           ; 22 (22)     ; 10           ; 0          ; 0    ; 0            ; 12 (12)      ; 1 (1)             ; 9 (9)            ; 13 (13)         ; 0 (0)      ; |ELEN0040_Nim|nim_sr:u_sr        ; nim_sr       ; work         ;
+----------------------------+-------------+--------------+------------+------+--------------+--------------+-------------------+------------------+-----------------+------------+----------------------------------+--------------+--------------+
Note: For table entries with two numbers listed, the numbers in parentheses indicate the number of resources of the given type used by the specific entity alone. The numbers listed outside of parentheses indicate the total resources of the given type used by the specific entity and all of its sub-entities in the hierarchy.


Encoding Type:  Sequential Encoding
+------------------------------------------------------------+
; State Machine - |ELEN0040_Nim|nim_fsm:u_fsm|state_r        ;
+----------------+---------------------+---------------------+
; Name           ; state_r.state_bit_1 ; state_r.state_bit_0 ;
+----------------+---------------------+---------------------+
; state_r.S_IDLE ; 0                   ; 0                   ;
; state_r.S_PLAY ; 0                   ; 1                   ;
; state_r.S_WIN  ; 1                   ; 0                   ;
+----------------+---------------------+---------------------+


+--------------------------------------------------------------------------------+
; Registers Removed During Synthesis                                             ;
+---------------------------------------+----------------------------------------+
; Register name                         ; Reason for Removal                     ;
+---------------------------------------+----------------------------------------+
; nim_fsm:u_fsm|j1_p2                   ; Stuck at VCC due to stuck port data_in ;
; nim_fsm:u_fsm|j2_p2                   ; Stuck at VCC due to stuck port data_in ;
; Total Number of Removed Registers = 2 ;                                        ;
+---------------------------------------+----------------------------------------+


+------------------------------------------------------+
; General Register Statistics                          ;
+----------------------------------------------+-------+
; Statistic                                    ; Value ;
+----------------------------------------------+-------+
; Total registers                              ; 36    ;
; Number of registers using Synchronous Clear  ; 14    ;
; Number of registers using Synchronous Load   ; 0     ;
; Number of registers using Asynchronous Clear ; 0     ;
; Number of registers using Asynchronous Load  ; 0     ;
; Number of registers using Clock Enable       ; 13    ;
; Number of registers using Preset             ; 0     ;
+----------------------------------------------+-------+


+--------------------------------------------------+
; Inverted Register Statistics                     ;
+----------------------------------------+---------+
; Inverted Register                      ; Fan out ;
+----------------------------------------+---------+
; nim_fsm:u_fsm|max_tk_r[0]              ; 4       ;
; nim_fsm:u_fsm|max_tk_r[1]              ; 4       ;
; nim_fsm:u_fsm|sel_r[0]                 ; 10      ;
; nim_fsm:u_fsm|j1_p1                    ; 3       ;
; nim_fsm:u_fsm|j2_p1                    ; 3       ;
; nim_fsm:u_fsm|sticks_r[4]              ; 6       ;
; nim_fsm:u_fsm|sticks_r[2]              ; 8       ;
; nim_fsm:u_fsm|sticks_r[0]              ; 6       ;
; Total number of inverted registers = 8 ;         ;
+----------------------------------------+---------+


+-------------------------------------------------------------------------------------------------------------------------------------------------------+
; Multiplexer Restructuring Statistics (Restructuring Performed)                                                                                        ;
+--------------------+-----------+---------------+----------------------+------------------------+------------+-----------------------------------------+
; Multiplexer Inputs ; Bus Width ; Baseline Area ; Area if Restructured ; Saving if Restructured ; Registered ; Example Multiplexer Output              ;
+--------------------+-----------+---------------+----------------------+------------------------+------------+-----------------------------------------+
; 5:1                ; 2 bits    ; 6 LEs         ; 2 LEs                ; 4 LEs                  ; Yes        ; |ELEN0040_Nim|nim_fsm:u_fsm|max_tk_r[2] ;
; 7:1                ; 3 bits    ; 12 LEs        ; 6 LEs                ; 6 LEs                  ; Yes        ; |ELEN0040_Nim|nim_fsm:u_fsm|sticks_r[3] ;
; 9:1                ; 3 bits    ; 18 LEs        ; 9 LEs                ; 9 LEs                  ; Yes        ; |ELEN0040_Nim|nim_fsm:u_fsm|sel_r[3]    ;
; 5:1                ; 2 bits    ; 6 LEs         ; 2 LEs                ; 4 LEs                  ; Yes        ; |ELEN0040_Nim|nim_fsm:u_fsm|max_tk_r[0] ;
; 7:1                ; 3 bits    ; 12 LEs        ; 6 LEs                ; 6 LEs                  ; Yes        ; |ELEN0040_Nim|nim_fsm:u_fsm|sticks_r[4] ;
; 3:1                ; 3 bits    ; 6 LEs         ; 6 LEs                ; 0 LEs                  ; No         ; |ELEN0040_Nim|nim_fsm:u_fsm|eff_sel     ;
; 3:1                ; 6 bits    ; 12 LEs        ; 12 LEs               ; 0 LEs                  ; No         ; |ELEN0040_Nim|nim_fsm:u_fsm|ns_v        ;
; 7:1                ; 2 bits    ; 8 LEs         ; 6 LEs                ; 2 LEs                  ; No         ; |ELEN0040_Nim|nim_fsm:u_fsm|state_r     ;
+--------------------+-----------+---------------+----------------------+------------------------+------------+-----------------------------------------+


+-------------------------------+
; Analysis & Synthesis Messages ;
+-------------------------------+
Info: *******************************************************************
Info: Running Quartus Prime Analysis & Synthesis
    Info: Version 23.1std.1 Build 993 05/14/2024 SC Lite Edition
    Info: Processing started: Wed Apr 22 10:55:36 2026
Info: Command: quartus_map --read_settings_files=on --write_settings_files=off ELEN0040_Nim -c ELEN0040_Nim
Info (16303): Aggressive Area optimization mode selected -- logic area will be prioritized at the potential cost of reduced timing performance
Warning (18236): Number of processors has not been specified which may cause overloading on shared machines.  Set the global assignment NUM_PARALLEL_PROCESSORS in your QSF to an appropriate value for best performance.
Info (20030): Parallel compilation is enabled and will use 6 of the 6 processors detected
Info (12021): Found 1 design units, including 0 entities, in source file nim_pkg.vhd
    Info (12022): Found design unit 1: nim_pkg File: C:/Users/Thomas/Documents/Uliege/Digital Electronics/Projet/nim_pkg.vhd Line: 16
Info (12021): Found 2 design units, including 1 entities, in source file nim_debounce.vhd
    Info (12022): Found design unit 1: nim_debounce-rtl File: C:/Users/Thomas/Documents/Uliege/Digital Electronics/Projet/nim_debounce.vhd Line: 25
    Info (12023): Found entity 1: nim_debounce File: C:/Users/Thomas/Documents/Uliege/Digital Electronics/Projet/nim_debounce.vhd Line: 17
Info (12021): Found 2 design units, including 1 entities, in source file nim_sr.vhd
    Info (12022): Found design unit 1: nim_sr-rtl File: C:/Users/Thomas/Documents/Uliege/Digital Electronics/Projet/nim_sr.vhd Line: 32
    Info (12023): Found entity 1: nim_sr File: C:/Users/Thomas/Documents/Uliege/Digital Electronics/Projet/nim_sr.vhd Line: 21
Info (12021): Found 2 design units, including 1 entities, in source file nim_fsm.vhd
    Info (12022): Found design unit 1: nim_fsm-rtl File: C:/Users/Thomas/Documents/Uliege/Digital Electronics/Projet/nim_fsm.vhd Line: 58
    Info (12023): Found entity 1: nim_fsm File: C:/Users/Thomas/Documents/Uliege/Digital Electronics/Projet/nim_fsm.vhd Line: 40
Info (12021): Found 2 design units, including 1 entities, in source file elen0040_nim.vhd
    Info (12022): Found design unit 1: ELEN0040_Nim-rtl File: C:/Users/Thomas/Documents/Uliege/Digital Electronics/Projet/ELEN0040_Nim.vhd Line: 64
    Info (12023): Found entity 1: ELEN0040_Nim File: C:/Users/Thomas/Documents/Uliege/Digital Electronics/Projet/ELEN0040_Nim.vhd Line: 31
Info (12127): Elaborating entity "ELEN0040_Nim" for the top level hierarchy
Info (12128): Elaborating entity "nim_debounce" for hierarchy "nim_debounce:u_deb" File: C:/Users/Thomas/Documents/Uliege/Digital Electronics/Projet/ELEN0040_Nim.vhd Line: 134
Info (12128): Elaborating entity "nim_sr" for hierarchy "nim_sr:u_sr" File: C:/Users/Thomas/Documents/Uliege/Digital Electronics/Projet/ELEN0040_Nim.vhd Line: 141
Info (12128): Elaborating entity "nim_fsm" for hierarchy "nim_fsm:u_fsm" File: C:/Users/Thomas/Documents/Uliege/Digital Electronics/Projet/ELEN0040_Nim.vhd Line: 151
Info (21057): Implemented 171 device resources after synthesis - the final resource count might be different
    Info (21058): Implemented 9 input pins
    Info (21059): Implemented 15 output pins
    Info (21061): Implemented 147 logic cells
Info: Quartus Prime Analysis & Synthesis was successful. 0 errors, 1 warning
    Info: Peak virtual memory: 4799 megabytes
    Info: Processing ended: Wed Apr 22 10:55:46 2026
    Info: Elapsed time: 00:00:10
    Info: Total CPU time (on all processors): 00:00:23


